TN:
SF:/home/blocknomic/Documents/ditter-server/index.js
FN:30,(anonymous_0)
FNF:1
FNH:0
FNDA:0,(anonymous_0)
DA:1,0
DA:2,0
DA:3,0
DA:4,0
DA:5,0
DA:7,0
DA:9,0
DA:11,0
DA:12,0
DA:13,0
DA:15,0
DA:17,0
DA:18,0
DA:20,0
DA:21,0
DA:23,0
DA:25,0
DA:26,0
DA:27,0
DA:30,0
LF:20
LH:0
BRDA:9,0,0,0
BRDA:9,0,1,0
BRF:2
BRH:0
end_of_record
TN:
SF:/home/blocknomic/Documents/ditter-server/models/ditterSchema.js
FNF:0
FNH:0
DA:1,0
DA:3,0
DA:5,0
DA:20,0
LF:4
LH:0
BRF:0
BRH:0
end_of_record
TN:
SF:/home/blocknomic/Documents/ditter-server/models/userSchema.js
FNF:0
FNH:0
DA:1,0
DA:2,0
DA:4,0
DA:30,0
LF:4
LH:0
BRF:0
BRH:0
end_of_record
TN:
SF:/home/blocknomic/Documents/ditter-server/modules/ditter.js
FN:4,(anonymous_0)
FN:18,(anonymous_1)
FN:31,(anonymous_2)
FNF:3
FNH:0
FNDA:0,(anonymous_0)
FNDA:0,(anonymous_1)
FNDA:0,(anonymous_2)
DA:1,0
DA:5,0
DA:6,0
DA:10,0
DA:11,0
DA:13,0
DA:14,0
DA:19,0
DA:20,0
DA:26,0
DA:27,0
DA:32,0
DA:33,0
DA:40,0
DA:42,0
DA:43,0
DA:48,0
LF:17
LH:0
BRF:0
BRH:0
end_of_record
TN:
SF:/home/blocknomic/Documents/ditter-server/modules/encryptionUtils.js
FN:16,encryptEmail
FN:25,decryptEmail
FN:35,encryptUsername
FN:44,decryptUsername
FN:54,encryptPassword
FNF:5
FNH:0
FNDA:0,encryptEmail
FNDA:0,decryptEmail
FNDA:0,encryptUsername
FNDA:0,decryptUsername
FNDA:0,encryptPassword
DA:2,0
DA:4,0
DA:10,0
DA:12,0
DA:14,0
DA:17,0
DA:18,0
DA:19,0
DA:20,0
DA:21,0
DA:22,0
DA:26,0
DA:27,0
DA:28,0
DA:29,0
DA:30,0
DA:31,0
DA:32,0
DA:36,0
DA:37,0
DA:38,0
DA:39,0
DA:40,0
DA:41,0
DA:45,0
DA:46,0
DA:47,0
DA:48,0
DA:49,0
DA:50,0
DA:51,0
DA:55,0
DA:56,0
DA:57,0
DA:58,0
DA:61,0
LF:36
LH:0
BRF:0
BRH:0
end_of_record
TN:
SF:/home/blocknomic/Documents/ditter-server/modules/jwt.js
FN:9,sign
FN:10,(anonymous_1)
FN:11,(anonymous_2)
FN:18,decode
FN:19,(anonymous_4)
FN:22,(anonymous_5)
FN:30,verify
FN:31,(anonymous_7)
FN:34,(anonymous_8)
FNF:9
FNH:0
FNDA:0,sign
FNDA:0,(anonymous_1)
FNDA:0,(anonymous_2)
FNDA:0,decode
FNDA:0,(anonymous_4)
FNDA:0,(anonymous_5)
FNDA:0,verify
FNDA:0,(anonymous_7)
FNDA:0,(anonymous_8)
DA:1,0
DA:3,0
DA:5,0
DA:10,0
DA:11,0
DA:12,0
DA:13,0
DA:19,0
DA:20,0
DA:23,0
DA:24,0
DA:31,0
DA:32,0
DA:35,0
DA:36,0
DA:41,0
LF:16
LH:0
BRDA:12,0,0,0
BRDA:12,0,1,0
BRDA:23,1,0,0
BRDA:23,1,1,0
BRDA:35,2,0,0
BRDA:35,2,1,0
BRF:6
BRH:0
end_of_record
TN:
SF:/home/blocknomic/Documents/ditter-server/modules/responseBuilder.js
FN:4,(anonymous_0)
FN:14,(anonymous_1)
FN:24,(anonymous_2)
FN:33,(anonymous_3)
FNF:4
FNH:0
FNDA:0,(anonymous_0)
FNDA:0,(anonymous_1)
FNDA:0,(anonymous_2)
FNDA:0,(anonymous_3)
DA:5,0
DA:6,0
DA:7,0
DA:15,0
DA:25,0
DA:34,0
DA:43,0
LF:7
LH:0
BRDA:8,0,0,0
BRDA:8,0,1,0
BRDA:8,1,0,0
BRDA:8,1,1,0
BRF:4
BRH:0
end_of_record
TN:
SF:/home/blocknomic/Documents/ditter-server/modules/user.js
FN:4,(anonymous_0)
FN:31,(anonymous_1)
FN:48,(anonymous_2)
FN:65,(anonymous_3)
FN:83,(anonymous_4)
FN:112,(anonymous_5)
FN:141,(anonymous_6)
FN:163,(anonymous_7)
FNF:8
FNH:0
FNDA:0,(anonymous_0)
FNDA:0,(anonymous_1)
FNDA:0,(anonymous_2)
FNDA:0,(anonymous_3)
FNDA:0,(anonymous_4)
FNDA:0,(anonymous_5)
FNDA:0,(anonymous_6)
FNDA:0,(anonymous_7)
DA:1,0
DA:2,0
DA:11,0
DA:12,0
DA:19,0
DA:20,0
DA:21,0
DA:23,0
DA:26,0
DA:27,0
DA:32,0
DA:33,0
DA:36,0
DA:37,0
DA:39,0
DA:43,0
DA:44,0
DA:49,0
DA:50,0
DA:53,0
DA:54,0
DA:56,0
DA:60,0
DA:61,0
DA:66,0
DA:67,0
DA:71,0
DA:72,0
DA:74,0
DA:78,0
DA:79,0
DA:84,0
DA:85,0
DA:86,0
DA:87,0
DA:96,0
DA:97,0
DA:108,0
DA:113,0
DA:114,0
DA:115,0
DA:116,0
DA:125,0
DA:126,0
DA:137,0
DA:142,0
DA:143,0
DA:152,0
DA:160,0
DA:164,0
DA:165,0
DA:168,0
DA:170,0
DA:178,0
LF:54
LH:0
BRDA:20,0,0,0
BRDA:20,0,1,0
BRDA:36,1,0,0
BRDA:36,1,1,0
BRDA:53,2,0,0
BRDA:53,2,1,0
BRDA:71,3,0,0
BRDA:71,3,1,0
BRDA:96,4,0,0
BRDA:96,4,1,0
BRDA:125,5,0,0
BRDA:125,5,1,0
BRF:12
BRH:0
end_of_record
TN:
SF:/home/blocknomic/Documents/ditter-server/routes/apiInfo.js
FN:6,apiInfo
FNF:1
FNH:0
FNDA:0,apiInfo
DA:1,0
DA:2,0
DA:4,0
DA:7,0
DA:8,0
DA:22,0
DA:23,0
DA:24,0
DA:28,0
LF:9
LH:0
BRF:0
BRH:0
end_of_record
TN:
SF:/home/blocknomic/Documents/ditter-server/routes/ditters.js
FN:10,addNewDitter
FN:27,getUserFeed
FN:46,getUserDitters
FNF:3
FNH:0
FNDA:0,addNewDitter
FNDA:0,getUserFeed
FNDA:0,getUserDitters
DA:1,0
DA:2,0
DA:3,0
DA:4,0
DA:6,0
DA:7,0
DA:8,0
DA:11,0
DA:12,0
DA:21,0
DA:22,0
DA:23,0
DA:28,0
DA:29,0
DA:31,0
DA:40,0
DA:41,0
DA:42,0
DA:47,0
DA:48,0
DA:57,0
DA:58,0
DA:59,0
DA:63,0
LF:24
LH:0
BRF:0
BRH:0
end_of_record
TN:
SF:/home/blocknomic/Documents/ditter-server/routes/users.js
FN:14,signUpUser
FN:36,loginUser
FN:64,follow
FN:81,unfollow
FN:99,getUser
FN:116,searchUser
FNF:6
FNH:0
FNDA:0,signUpUser
FNDA:0,loginUser
FNDA:0,follow
FNDA:0,unfollow
FNDA:0,getUser
FNDA:0,searchUser
DA:1,0
DA:2,0
DA:3,0
DA:4,0
DA:7,0
DA:8,0
DA:9,0
DA:10,0
DA:11,0
DA:12,0
DA:15,0
DA:16,0
DA:17,0
DA:18,0
DA:19,0
DA:21,0
DA:30,0
DA:31,0
DA:32,0
DA:37,0
DA:38,0
DA:39,0
DA:41,0
DA:42,0
DA:45,0
DA:57,0
DA:58,0
DA:59,0
DA:65,0
DA:66,0
DA:75,0
DA:76,0
DA:77,0
DA:82,0
DA:83,0
DA:93,0
DA:94,0
DA:95,0
DA:100,0
DA:101,0
DA:110,0
DA:111,0
DA:112,0
DA:117,0
DA:118,0
DA:127,0
DA:128,0
DA:129,0
DA:133,0
LF:49
LH:0
BRDA:18,0,0,0
BRDA:18,0,1,0
BRDA:41,1,0,0
BRDA:41,1,1,0
BRF:4
BRH:0
end_of_record
TN:
SF:/home/blocknomic/Documents/ditter-server/validators/post.js
FNF:0
FNH:0
DA:6,0
LF:1
LH:0
BRF:0
BRH:0
end_of_record
TN:
SF:/home/blocknomic/Documents/ditter-server/validators/user.js
FN:4,(anonymous_0)
FN:13,(anonymous_1)
FN:27,(anonymous_2)
FNF:3
FNH:0
FNDA:0,(anonymous_0)
FNDA:0,(anonymous_1)
FNDA:0,(anonymous_2)
DA:1,0
DA:5,0
DA:14,0
DA:15,0
DA:16,0
DA:18,0
DA:19,0
DA:21,0
DA:22,0
DA:24,0
DA:28,0
DA:29,0
DA:30,0
DA:32,0
DA:33,0
DA:35,0
DA:36,0
DA:38,0
DA:39,0
DA:41,0
DA:42,0
DA:44,0
DA:48,0
LF:23
LH:0
BRDA:15,0,0,0
BRDA:15,0,1,0
BRDA:18,1,0,0
BRDA:18,1,1,0
BRDA:21,2,0,0
BRDA:21,2,1,0
BRDA:29,3,0,0
BRDA:29,3,1,0
BRDA:32,4,0,0
BRDA:32,4,1,0
BRDA:35,5,0,0
BRDA:35,5,1,0
BRDA:38,6,0,0
BRDA:38,6,1,0
BRDA:41,7,0,0
BRDA:41,7,1,0
BRF:16
BRH:0
end_of_record
